TN:
SF:app\layout.tsx
FN:1,(empty-report)
FNF:1
FNH:0
FNDA:0,(empty-report)
DA:1,0
DA:2,0
DA:3,0
DA:4,0
DA:5,0
DA:6,0
DA:7,0
DA:8,0
DA:9,0
DA:10,0
DA:11,0
DA:12,0
DA:13,0
DA:14,0
DA:15,0
DA:16,0
DA:17,0
DA:18,0
DA:19,0
DA:20,0
DA:21,0
DA:22,0
DA:23,0
DA:24,0
DA:25,0
DA:26,0
DA:27,0
DA:28,0
DA:29,0
DA:30,0
DA:31,0
DA:32,0
DA:33,0
DA:34,0
DA:35,0
DA:36,0
DA:37,0
DA:38,0
DA:39,0
DA:40,0
DA:41,0
DA:42,0
DA:43,0
DA:44,0
DA:45,0
DA:46,0
DA:47,0
DA:48,0
LF:48
LH:0
BRDA:1,0,0,0
BRF:1
BRH:0
end_of_record
TN:
SF:app\page.tsx
FN:6,Home
FNF:1
FNH:1
FNDA:2,Home
DA:1,1
DA:2,1
DA:3,1
DA:4,1
DA:5,1
DA:6,1
DA:7,2
DA:8,2
DA:9,2
DA:10,2
DA:11,2
DA:12,2
DA:13,2
DA:14,2
DA:15,2
DA:16,2
DA:17,2
DA:18,2
DA:19,2
DA:20,2
DA:21,2
DA:22,2
DA:23,2
DA:24,2
DA:25,2
DA:26,2
DA:27,2
DA:28,2
DA:29,2
DA:30,2
DA:31,2
DA:32,2
DA:33,2
DA:34,2
DA:35,2
DA:36,2
DA:37,2
DA:38,2
DA:39,2
DA:40,2
DA:41,2
DA:42,2
DA:43,2
DA:44,2
DA:45,2
DA:46,2
DA:47,2
DA:48,2
DA:49,2
DA:50,2
DA:51,2
DA:52,2
DA:53,2
DA:54,2
DA:55,2
DA:56,2
DA:57,2
DA:58,2
DA:59,2
DA:60,2
DA:61,2
DA:62,2
DA:63,2
DA:64,2
DA:65,2
DA:66,2
DA:67,2
DA:68,2
LF:68
LH:68
BRDA:6,0,0,2
BRF:1
BRH:1
end_of_record
TN:
SF:app\plan\page.tsx
FN:7,PlanPage
FN:32,onClick
FN:36,onClick
FNF:3
FNH:1
FNDA:1,PlanPage
FNDA:0,onClick
FNDA:0,onClick
DA:1,1
DA:2,1
DA:3,1
DA:4,1
DA:5,1
DA:6,1
DA:7,1
DA:8,1
DA:9,1
DA:10,1
DA:11,1
DA:12,1
DA:13,1
DA:14,1
DA:15,1
DA:16,1
DA:17,1
DA:18,1
DA:19,1
DA:20,1
DA:21,1
DA:22,1
DA:23,1
DA:24,1
DA:25,1
DA:26,1
DA:27,1
DA:28,1
DA:29,1
DA:30,1
DA:31,1
DA:32,1
DA:33,1
DA:34,1
DA:35,1
DA:36,1
DA:37,1
DA:38,1
DA:39,1
DA:40,1
DA:41,1
DA:42,1
DA:43,1
DA:44,1
DA:45,1
DA:46,1
DA:47,1
DA:48,1
DA:49,1
DA:50,1
DA:51,1
DA:52,1
DA:53,1
DA:54,1
DA:55,1
DA:56,1
DA:57,1
DA:58,1
DA:59,1
DA:60,1
DA:61,1
DA:62,1
DA:63,1
DA:64,1
DA:65,1
DA:66,1
DA:67,1
DA:68,1
DA:69,1
DA:70,1
DA:71,1
DA:72,1
DA:73,1
DA:74,1
DA:75,1
DA:76,1
DA:77,1
DA:78,1
DA:79,1
DA:80,1
DA:81,1
DA:82,1
DA:83,1
DA:84,1
DA:85,1
DA:86,1
DA:87,1
DA:88,1
DA:89,1
DA:90,1
DA:91,1
DA:92,1
DA:93,1
DA:94,1
DA:95,1
DA:96,1
DA:97,1
DA:98,1
DA:99,1
DA:100,1
DA:101,1
DA:102,1
DA:103,1
DA:104,1
DA:105,1
DA:106,1
DA:107,1
DA:108,1
DA:109,1
DA:110,1
DA:111,1
DA:112,1
DA:113,1
DA:114,1
DA:115,1
DA:116,1
DA:117,1
DA:118,1
DA:119,1
DA:120,1
DA:121,1
DA:122,1
DA:123,1
DA:124,1
DA:125,1
DA:126,1
DA:127,1
DA:128,1
DA:129,1
DA:130,1
DA:131,1
DA:132,1
DA:133,1
DA:134,1
DA:135,1
DA:136,1
DA:137,1
DA:138,1
DA:139,1
DA:140,1
DA:141,1
DA:142,1
DA:143,1
DA:144,1
DA:145,1
DA:146,1
DA:147,1
DA:148,1
DA:149,1
DA:150,1
DA:151,1
DA:152,1
DA:153,1
DA:154,1
DA:155,1
DA:156,1
DA:157,1
DA:158,1
DA:159,1
DA:160,1
DA:161,1
DA:162,1
LF:162
LH:162
BRDA:7,0,0,1
BRDA:11,1,0,0
BRDA:11,2,0,0
BRDA:12,3,0,0
BRDA:12,4,0,0
BRDA:13,5,0,0
BRDA:13,6,0,0
BRDA:14,7,0,0
BRDA:14,8,0,0
BRDA:15,9,0,0
BRDA:15,10,0,0
BRDA:66,11,0,3
BRDA:73,12,0,9
BRDA:100,13,0,3
BRDA:116,14,0,2
BRDA:132,15,0,2
BRDA:146,16,0,3
BRF:17
BRH:7
end_of_record
TN:
SF:app\planner\page.tsx
FN:3,PlannerPage
FNF:1
FNH:1
FNDA:1,PlannerPage
DA:1,1
DA:2,1
DA:3,1
DA:4,1
DA:5,1
DA:6,1
DA:7,1
DA:8,1
DA:9,1
DA:10,1
DA:11,1
DA:12,1
DA:13,1
DA:14,1
DA:15,1
DA:16,1
LF:16
LH:16
BRDA:3,0,0,1
BRF:1
BRH:1
end_of_record
TN:
SF:components\plan\checklist.tsx
FN:35,TravelChecklist
FN:53,handleCheck
FN:78,onCheckedChange
FNF:3
FNH:3
FNDA:10,TravelChecklist
FNDA:2,handleCheck
FNDA:2,onCheckedChange
DA:1,1
DA:2,1
DA:3,1
DA:4,1
DA:5,1
DA:6,1
DA:7,1
DA:8,1
DA:9,1
DA:10,1
DA:11,1
DA:12,1
DA:13,1
DA:14,1
DA:15,1
DA:16,1
DA:17,1
DA:18,1
DA:19,1
DA:20,1
DA:21,1
DA:22,1
DA:23,1
DA:24,1
DA:25,1
DA:26,1
DA:27,1
DA:28,1
DA:29,1
DA:30,1
DA:31,1
DA:32,1
DA:33,1
DA:34,1
DA:35,1
DA:36,10
DA:37,10
DA:38,10
DA:39,10
DA:40,4
DA:41,4
DA:42,4
DA:43,1
DA:44,1
DA:45,1
DA:46,1
DA:47,0
DA:48,0
DA:49,1
DA:50,4
DA:51,10
DA:52,10
DA:53,10
DA:54,2
DA:55,2
DA:56,2
DA:57,2
DA:58,10
DA:59,10
DA:60,9
DA:61,9
DA:62,9
DA:63,9
DA:64,9
DA:65,9
DA:66,9
DA:67,9
DA:68,9
DA:69,9
DA:70,9
DA:71,9
DA:72,9
DA:73,9
DA:74,9
DA:75,9
DA:76,9
DA:77,9
DA:78,9
DA:79,9
DA:80,9
DA:81,9
DA:82,9
DA:83,9
DA:84,9
DA:85,9
DA:86,9
DA:87,9
DA:88,9
DA:89,9
DA:90,9
DA:91,9
DA:92,9
DA:93,9
DA:94,9
LF:94
LH:92
BRDA:35,0,0,10
BRDA:59,1,0,9
BRDA:39,2,0,4
BRDA:42,3,0,1
BRDA:46,4,0,0
BRDA:53,5,0,2
BRDA:67,6,0,24
BRDA:73,7,0,96
BRDA:77,8,0,93
BRDA:82,9,0,3
BRDA:82,10,0,93
BRDA:78,11,0,2
BRF:12
BRH:11
end_of_record
TN:
SF:components\planner\travel-form.tsx
FN:35,TravelForm
FN:54,onSubmit
FN:78,toggleInterest
FN:159,onClick
FNF:4
FNH:4
FNDA:11,TravelForm
FNDA:1,onSubmit
FNDA:1,toggleInterest
FNDA:1,onClick
DA:1,1
DA:2,1
DA:3,1
DA:4,1
DA:5,1
DA:6,1
DA:7,1
DA:8,1
DA:9,1
DA:10,1
DA:11,1
DA:12,1
DA:13,1
DA:14,1
DA:15,1
DA:16,1
DA:17,1
DA:18,1
DA:19,1
DA:20,1
DA:21,1
DA:22,1
DA:23,1
DA:24,1
DA:25,1
DA:26,1
DA:27,1
DA:28,1
DA:29,1
DA:30,1
DA:31,1
DA:32,1
DA:33,1
DA:34,1
DA:35,1
DA:36,11
DA:37,11
DA:38,11
DA:39,11
DA:40,11
DA:41,11
DA:42,11
DA:43,11
DA:44,11
DA:45,11
DA:46,11
DA:47,11
DA:48,11
DA:49,11
DA:50,11
DA:51,11
DA:52,11
DA:53,11
DA:54,11
DA:55,1
DA:56,1
DA:57,1
DA:58,1
DA:59,1
DA:60,5
DA:61,1
DA:62,5
DA:63,4
DA:64,4
DA:65,5
DA:66,1
DA:67,1
DA:68,1
DA:69,1
DA:70,1
DA:71,1
DA:72,0
DA:73,1
DA:74,1
DA:75,1
DA:76,1
DA:77,11
DA:78,11
DA:79,1
DA:80,1
DA:81,0
DA:82,1
DA:83,1
DA:84,1
DA:85,1
DA:86,11
DA:87,11
DA:88,11
DA:89,11
DA:90,11
DA:91,11
DA:92,11
DA:93,11
DA:94,11
DA:95,11
DA:96,11
DA:97,11
DA:98,11
DA:99,11
DA:100,11
DA:101,11
DA:102,11
DA:103,11
DA:104,11
DA:105,11
DA:106,11
DA:107,11
DA:108,11
DA:109,11
DA:110,11
DA:111,11
DA:112,11
DA:113,11
DA:114,11
DA:115,11
DA:116,11
DA:117,11
DA:118,11
DA:119,11
DA:120,11
DA:121,11
DA:122,11
DA:123,11
DA:124,11
DA:125,11
DA:126,11
DA:127,11
DA:128,11
DA:129,11
DA:130,11
DA:131,11
DA:132,11
DA:133,11
DA:134,11
DA:135,11
DA:136,11
DA:137,11
DA:138,11
DA:139,11
DA:140,11
DA:141,11
DA:142,11
DA:143,11
DA:144,11
DA:145,11
DA:146,11
DA:147,11
DA:148,11
DA:149,11
DA:150,11
DA:151,11
DA:152,11
DA:153,11
DA:154,77
DA:155,77
DA:156,77
DA:157,77
DA:158,77
DA:159,77
DA:160,77
DA:161,77
DA:162,77
DA:163,2
DA:164,75
DA:165,77
DA:166,77
DA:167,77
DA:168,77
DA:169,77
DA:170,77
DA:171,11
DA:172,11
DA:173,11
DA:174,11
DA:175,11
DA:176,11
DA:177,11
DA:178,11
DA:179,11
DA:180,11
DA:181,11
DA:182,11
DA:183,11
DA:184,11
DA:185,11
LF:185
LH:183
BRDA:35,0,0,11
BRDA:54,1,0,1
BRDA:71,2,0,0
BRDA:59,3,0,5
BRDA:60,4,0,1
BRDA:62,5,0,4
BRDA:61,6,0,1
BRDA:68,7,0,1
BRDA:78,8,0,1
BRDA:79,9,0,0
BRDA:80,10,0,0
BRDA:153,11,0,77
BRDA:162,12,0,2
BRDA:163,13,0,75
BRDA:159,14,0,1
BRF:15
BRH:12
end_of_record
TN:
SF:components\ui\button.tsx
FN:32,buttonVariants
FNF:1
FNH:1
FNDA:15,buttonVariants
DA:1,1
DA:2,1
DA:3,1
DA:4,1
DA:5,1
DA:6,1
DA:7,1
DA:8,1
DA:9,1
DA:10,1
DA:11,1
DA:12,1
DA:13,1
DA:14,1
DA:15,1
DA:16,1
DA:17,1
DA:18,1
DA:19,1
DA:20,1
DA:21,1
DA:22,1
DA:23,1
DA:24,1
DA:25,1
DA:26,1
DA:27,1
DA:28,1
DA:29,1
DA:30,1
DA:31,1
DA:32,1
DA:33,15
DA:34,15
DA:35,1
DA:36,1
DA:37,1
DA:38,13
DA:39,13
DA:40,13
DA:41,13
DA:42,13
DA:43,13
DA:44,13
DA:45,13
DA:46,13
DA:47,13
DA:48,1
DA:49,1
DA:50,1
DA:51,1
LF:51
LH:51
BRDA:32,0,0,15
BRDA:37,1,0,13
BRF:2
BRH:2
end_of_record
TN:
SF:components\ui\card.tsx
FNF:0
FNH:0
DA:1,1
DA:2,1
DA:3,1
DA:4,1
DA:5,1
DA:6,1
DA:7,1
DA:8,1
DA:9,1
DA:10,1
DA:11,1
DA:12,1
DA:13,1
DA:14,1
DA:15,1
DA:16,1
DA:17,1
DA:18,1
DA:19,1
DA:20,1
DA:21,1
DA:22,1
DA:23,1
DA:24,1
DA:25,1
DA:26,1
DA:27,1
DA:28,1
DA:29,1
DA:30,1
DA:31,1
DA:32,1
DA:33,1
DA:34,1
DA:35,1
DA:36,1
DA:37,1
DA:38,1
DA:39,1
DA:40,1
DA:41,1
DA:42,1
DA:43,1
DA:44,1
DA:45,1
DA:46,1
DA:47,1
DA:48,1
DA:49,1
DA:50,1
DA:51,1
DA:52,1
DA:53,1
DA:54,1
DA:55,1
DA:56,1
DA:57,1
DA:58,1
DA:59,1
DA:60,1
DA:61,1
DA:62,1
DA:63,1
DA:64,1
DA:65,1
DA:66,1
DA:67,1
DA:68,1
DA:69,1
DA:70,1
DA:71,1
DA:72,1
DA:73,1
DA:74,1
DA:75,1
DA:76,1
LF:76
LH:76
BRF:0
BRH:0
end_of_record
TN:
SF:components\ui\checkbox.tsx
FN:17,onChange
FNF:1
FNH:1
FNDA:2,onChange
DA:1,1
DA:2,1
DA:3,1
DA:4,1
DA:5,1
DA:6,1
DA:7,1
DA:8,1
DA:9,1
DA:10,1
DA:11,96
DA:12,96
DA:13,96
DA:14,96
DA:15,96
DA:16,96
DA:17,96
DA:18,2
DA:19,2
DA:20,2
DA:21,2
DA:22,0
DA:23,0
DA:24,2
DA:25,96
DA:26,96
DA:27,96
DA:28,96
DA:29,96
DA:30,96
DA:31,96
DA:32,96
DA:33,1
DA:34,1
DA:35,1
DA:36,1
LF:36
LH:34
BRDA:10,0,0,96
BRDA:17,1,0,2
BRDA:21,2,0,0
BRF:3
BRH:2
end_of_record
TN:
SF:components\ui\input.tsx
FNF:0
FNH:0
DA:1,1
DA:2,1
DA:3,1
DA:4,1
DA:5,1
DA:6,1
DA:7,1
DA:8,1
DA:9,22
DA:10,22
DA:11,22
DA:12,22
DA:13,22
DA:14,22
DA:15,22
DA:16,22
DA:17,22
DA:18,22
DA:19,22
DA:20,22
DA:21,1
DA:22,1
DA:23,1
DA:24,1
LF:24
LH:24
BRDA:8,0,0,22
BRF:1
BRH:1
end_of_record
TN:
SF:components\ui\label.tsx
FNF:0
FNH:0
DA:1,1
DA:2,1
DA:3,1
DA:4,1
DA:5,1
DA:6,1
DA:7,1
DA:8,1
DA:9,1
DA:10,1
DA:11,1
DA:12,1
DA:13,1
DA:14,1
DA:15,1
DA:16,1
DA:17,1
DA:18,1
DA:19,1
DA:20,1
LF:20
LH:20
BRF:0
BRH:0
end_of_record
TN:
SF:lib\utils.ts
FN:4,cn
FNF:1
FNH:1
FNDA:410,cn
DA:1,1
DA:2,1
DA:3,1
DA:4,1
DA:5,410
DA:6,410
LF:6
LH:6
BRDA:4,0,0,410
BRF:1
BRH:1
end_of_record
TN:
SF:lib\services\ai-service.ts
FN:22,generateTravelPlan
FN:24,destination.destination
FNF:2
FNH:2
FNDA:6,generateTravelPlan
FNDA:6,destination.destination
DA:1,1
DA:2,1
DA:3,1
DA:4,1
DA:5,1
DA:6,1
DA:7,1
DA:8,1
DA:9,1
DA:10,1
DA:11,1
DA:12,1
DA:13,1
DA:14,1
DA:15,1
DA:16,1
DA:17,1
DA:18,1
DA:19,1
DA:20,1
DA:21,1
DA:22,1
DA:23,6
DA:24,6
DA:25,6
DA:26,6
DA:27,6
DA:28,6
DA:29,6
DA:30,6
DA:31,6
DA:32,6
DA:33,6
DA:34,6
DA:35,6
DA:36,6
DA:37,6
DA:38,6
DA:39,6
DA:40,6
DA:41,6
DA:42,6
DA:43,6
DA:44,6
DA:45,6
DA:46,6
DA:47,6
DA:48,6
DA:49,6
DA:50,6
DA:51,6
DA:52,22
DA:53,22
DA:54,22
DA:55,22
DA:56,22
DA:57,22
DA:58,22
DA:59,6
DA:60,6
DA:61,6
DA:62,6
DA:63,6
DA:64,6
DA:65,6
DA:66,6
DA:67,6
LF:67
LH:67
BRDA:22,0,0,6
BRDA:30,1,0,0
BRDA:64,2,0,2
BRDA:64,3,0,4
BRDA:64,4,0,3
BRDA:64,5,0,1
BRDA:24,6,0,6
BRDA:51,7,0,22
BRDA:54,8,0,0
BRF:9
BRH:7
end_of_record
